<?xml version="1.0" encoding="UTF-8"?>
<testsuite xmlns:xsi="http://www.w3.org/2001/XMLSchema-instance" xsi:noNamespaceSchemaLocation="https://maven.apache.org/surefire/maven-surefire-plugin/xsd/surefire-test-report-3.0.xsd" version="3.0" name="TestSuite" time="71.541" tests="6" errors="0" skipped="0" failures="0">
  <properties>
[...]
</properties>
  <testcase name="uploadFile" classname="com.Test4" time="10.13">
    <system-out><![CDATA[15:42:02.106 [TestNG-tests-3] INFO  logA - Test Case 3 -------------------------------------->
15:42:02.106 [TestNG-tests-4] INFO  logA - Test Case 4 -------------------------------------->
15:42:02.124 [TestNG-tests-4] DEBUG logA - Uploading File -------------------------------------->
15:42:02.149 [TestNG-tests-2] INFO  logA - Test Case 2 -------------------------------------->
15:42:02.212 [TestNG-tests-1] INFO  logA - Test Case 1 -------------------------------------->
15:42:02.213 [TestNG-tests-1] DEBUG logA - Loading excel data -------------------->
15:42:02.582 [TestNG-tests-1] INFO  logA - Got excel data---------------------->
15:42:12.474 [TestNG-tests-4] INFO  logA - Succesfully uploaded file
]]></system-out>
    <system-err><![CDATA[Starting ChromeDriver 99.0.4844.51 (dS5t3a7retc0i2n4g74 bCh5raofeme2D3riv6e8r4 e9799.603d.543884849.65c16 3(adc57377-erce0f2s47/4bbra5nacfhe-2h3e6a8d4se/74986434d5@3{8#St8a8r7t95i6}n)c go 6nC3 ahpcor7ro7tm- er5De0r6fi1sv8/ebr
r Oa9nn9lc.yh0 -.lh4oe8c4aald4 s./c54o18n 4n(4ed@c5{t3#i78oe7cn50s2} 4)a7 r4oebn 5 aaplfoler2to3 w56e28d14.2e87
9P
6lOe3nadls5ye3  8ls8o9ec6eac l6h t3tcapcos7n:7n/-e/rccethfirsoo/mbnersda rnaircvehe -rah.lcelhaordwosemdi/.u4m8
.4oP4rl@ge{/a#sseec u8sreiet7 y5h-t}cto)pn sso:in/d /epcroharrttoi o5mn7es3d r4fi8ovre 
rsO.uncglghyer soltmoiicouanmls.  oorcgon/n sneecctuiroitykn-ecseop ninsagir deCe hraralotlmieooDnwrsei dvf.eorr 
 SsPsaltufeaegar.gsteei
s nstgeie o nCshh trotpnos m:ke/eD/ercpihivnregor mC he9rd9or.mi0ev.De4rr8i.4vc4eh.r5 rs1oa mf(iedu.5m3.
7oercg0/2s4e7c4ubr5iatfye-2c3o6n8s4ied7e9r6a3tdi5on3s8 8f9o6rc 6s3uagcg7e7s-trieofnss/ borna nkcehe-phinega dCsh/r4o8m4e4D@ri{v#e8r7 5s}a)f eo.n 
port 51178
Only local connections are allowed.
Please see https://chromedriver.chromium.org/security-considerations for CsughgreosmteiDornis voern  wkaeesping  CshtraormteeDdr isvuecr cseasfsef.u
lly.
ChromeDriver was started successfully.
ChromeDriver was started successfully.
ChromeDriver was started successfully.
Mar 31, 2022 3:42:01 PM org.openqa.selenium.remote.ProtocolHandshake createSession
INFO: Detected dialect: W3C
Mar 31, 2022 3:42:01 PM org.openqa.selenium.remote.ProtocolHandshake createSession
INFO: Detected dialect: W3C
Mar 31, 2022 3:42:01 PM org.openqa.selenium.devtools.CdpVersionFinder findNearestMatch
WARNING: Unable to find an exact match for CDP version 99, so returning the closest version found: 97
Mar 31, 2022 3:42:01 PM org.openqa.selenium.devtools.CdpVersionFinder findNearestMatch
WARNING: Unable to find an exact match for CDP version 99, so returning the closest version found: 97
Mar 31, 2022 3:42:01 PM org.openqa.selenium.devtools.CdpVersionFinder findNearestMatch
INFO: Found CDP implementation for version 99 of 97
Mar 31, 2022 3:42:01 PM org.openqa.selenium.devtools.CdpVersionFinder findNearestMatch
INFO: Found CDP implementation for version 99 of 97
Mar 31, 2022 3:42:02 PM org.openqa.selenium.remote.ProtocolHandshake createSession
INFO: Detected dialect: W3C
Mar 31, 2022 3:42:02 PM org.openqa.selenium.devtools.CdpVersionFinder findNearestMatch
WARNING: Unable to find an exact match for CDP version 99, so returning the closest version found: 97
Mar 31, 2022 3:42:02 PM org.openqa.selenium.devtools.CdpVersionFinder findNearestMatch
INFO: Found CDP implementation for version 99 of 97
Mar 31, 2022 3:42:02 PM org.openqa.selenium.remote.ProtocolHandshake createSession
INFO: Detected dialect: W3C
Mar 31, 2022 3:42:02 PM org.openqa.selenium.devtools.CdpVersionFinder findNearestMatch
WARNING: Unable to find an exact match for CDP version 99, so returning the closest version found: 97
Mar 31, 2022 3:42:02 PM org.openqa.selenium.devtools.CdpVersionFinder findNearestMatch
INFO: Found CDP implementation for version 99 of 97
]]></system-err>
  </testcase>
  <testcase name="downloadFile" classname="com.Test4" time="5.317">
    <system-out><![CDATA[15:42:26.328 [TestNG-tests-4] INFO  logA - file downloaded
15:42:28.332 [TestNG-tests-4] INFO  logA - File exists
15:42:28.334 [TestNG-tests-4] INFO  logA - File Deleted
]]></system-out>
  </testcase>
  <testcase name="getHomePageItems" classname="com.Test2" time="0.55">
    <system-out><![CDATA[15:42:12.715 [TestNG-tests-4] DEBUG logA - waiting for download buttong
15:42:19.662 [TestNG-tests-3] DEBUG logA - See if popup is appearing ---------->
15:42:19.759 [TestNG-tests-3] INFO  logA - Succesfully cliked on popup--------------------->
15:42:19.947 [TestNG-tests-2] DEBUG logA - Waiting for popup to appear and click ---------->
15:42:20.052 [TestNG-tests-2] INFO  logA - Succesfully cliked on popup--------------------->
15:42:20.052 [TestNG-tests-2] DEBUG logA - Validating home page items --------------------->
15:42:20.100 [TestNG-tests-2] INFO  logA - All items are present and correct--------------------> Test Passed
]]></system-out>
  </testcase>
  <testcase name="getDatabsedata[org.testng.TestRunner@147e962e](1)" classname="com.Test3" time="2.282">
    <system-out><![CDATA[15:42:20.603 [TestNG-tests-1] DEBUG logA - See if popup is appearing ---------->
15:42:20.729 [TestNG-tests-1] INFO  logA - Succesfully cliked on popup--------------------->
]]></system-out>
    <system-err><![CDATA[Mar 31, 2022 3:42:20 PM org.openqa.selenium.remote.http.WebSocket$Listener onError
WARNING: Connection reset
java.net.SocketException: Connection reset
	at java.base/sun.nio.ch.SocketChannelImpl.throwConnectionReset(SocketChannelImpl.java:394)
	at java.base/sun.nio.ch.SocketChannelImpl.read(SocketChannelImpl.java:426)
	at io.netty.buffer.PooledByteBuf.setBytes(PooledByteBuf.java:258)
	at io.netty.buffer.AbstractByteBuf.writeBytes(AbstractByteBuf.java:1132)
	at io.netty.channel.socket.nio.NioSocketChannel.doReadBytes(NioSocketChannel.java:350)
	at io.netty.channel.nio.AbstractNioByteChannel$NioByteUnsafe.read(AbstractNioByteChannel.java:151)
	at io.netty.channel.nio.NioEventLoop.processSelectedKey(NioEventLoop.java:722)
	at io.netty.channel.nio.NioEventLoop.processSelectedKeysOptimized(NioEventLoop.java:658)
	at io.netty.channel.nio.NioEventLoop.processSelectedKeys(NioEventLoop.java:584)
	at io.netty.channel.nio.NioEventLoop.run(NioEventLoop.java:496)
	at io.netty.util.concurrent.SingleThreadEventExecutor$4.run(SingleThreadEventExecutor.java:986)
	at io.netty.util.internal.ThreadExecutorMap$2.run(ThreadExecutorMap.java:74)
	at io.netty.util.concurrent.FastThreadLocalRunnable.run(FastThreadLocalRunnable.java:30)
	at java.base/java.lang.Thread.run(Thread.java:833)

]]></system-err>
  </testcase>
  <testcase name="LoginTest[John, Dodge](1)" classname="com.Test1" time="3.29">
    <system-err><![CDATA[Mar 31, 2022 3:42:22 PM org.openqa.selenium.remote.http.WebSocket$Listener onError
WARNING: Connection reset
java.net.SocketException: Connection reset
	at java.base/sun.nio.ch.SocketChannelImpl.throwConnectionReset(SocketChannelImpl.java:394)
	at java.base/sun.nio.ch.SocketChannelImpl.read(SocketChannelImpl.java:426)
	at io.netty.buffer.PooledByteBuf.setBytes(PooledByteBuf.java:258)
	at io.netty.buffer.AbstractByteBuf.writeBytes(AbstractByteBuf.java:1132)
	at io.netty.channel.socket.nio.NioSocketChannel.doReadBytes(NioSocketChannel.java:350)
	at io.netty.channel.nio.AbstractNioByteChannel$NioByteUnsafe.read(AbstractNioByteChannel.java:151)
	at io.netty.channel.nio.NioEventLoop.processSelectedKey(NioEventLoop.java:722)
	at io.netty.channel.nio.NioEventLoop.processSelectedKeysOptimized(NioEventLoop.java:658)
	at io.netty.channel.nio.NioEventLoop.processSelectedKeys(NioEventLoop.java:584)
	at io.netty.channel.nio.NioEventLoop.run(NioEventLoop.java:496)
	at io.netty.util.concurrent.SingleThreadEventExecutor$4.run(SingleThreadEventExecutor.java:986)
	at io.netty.util.internal.ThreadExecutorMap$2.run(ThreadExecutorMap.java:74)
	at io.netty.util.concurrent.FastThreadLocalRunnable.run(FastThreadLocalRunnable.java:30)
	at java.base/java.lang.Thread.run(Thread.java:833)

]]></system-err>
  </testcase>
  <testcase name="LoginTest[Sarah, Smith](2)" classname="com.Test1" time="47.844">
    <system-out><![CDATA[15:42:39.717 [TestNG-tests-1] DEBUG logA - See if popup is appearing ---------->
15:43:10.324 [TestNG-tests-1] DEBUG logA - No popup -------------> Proceeding to login---------->
]]></system-out>
    <system-err><![CDATA[Mar 31, 2022 3:42:28 PM org.openqa.selenium.remote.http.WebSocket$Listener onError
WARNING: Connection reset
java.net.SocketException: Connection reset
	at java.base/sun.nio.ch.SocketChannelImpl.throwConnectionReset(SocketChannelImpl.java:394)
	at java.base/sun.nio.ch.SocketChannelImpl.read(SocketChannelImpl.java:426)
	at io.netty.buffer.PooledByteBuf.setBytes(PooledByteBuf.java:258)
	at io.netty.buffer.AbstractByteBuf.writeBytes(AbstractByteBuf.java:1132)
	at io.netty.channel.socket.nio.NioSocketChannel.doReadBytes(NioSocketChannel.java:350)
	at io.netty.channel.nio.AbstractNioByteChannel$NioByteUnsafe.read(AbstractNioByteChannel.java:151)
	at io.netty.channel.nio.NioEventLoop.processSelectedKey(NioEventLoop.java:722)
	at io.netty.channel.nio.NioEventLoop.processSelectedKeysOptimized(NioEventLoop.java:658)
	at io.netty.channel.nio.NioEventLoop.processSelectedKeys(NioEventLoop.java:584)
	at io.netty.channel.nio.NioEventLoop.run(NioEventLoop.java:496)
	at io.netty.util.concurrent.SingleThreadEventExecutor$4.run(SingleThreadEventExecutor.java:986)
	at io.netty.util.internal.ThreadExecutorMap$2.run(ThreadExecutorMap.java:74)
	at io.netty.util.concurrent.FastThreadLocalRunnable.run(FastThreadLocalRunnable.java:30)
	at java.base/java.lang.Thread.run(Thread.java:833)

]]></system-err>
  </testcase>
</testsuite>