<?xml version="1.0" encoding="UTF-8"?>
<testsuite xmlns:xsi="http://www.w3.org/2001/XMLSchema-instance" xsi:noNamespaceSchemaLocation="https://maven.apache.org/surefire/maven-surefire-plugin/xsd/surefire-test-report-3.0.xsd" version="3.0" name="Salesforce activities" time="94.67" tests="3" errors="0" skipped="0" failures="0">
  <properties>
[...]
</properties>
  <testcase name="Add a new opportunity with Excel #1" classname="Salesforce activities" time="30.889">
    <system-out><![CDATA[14:29:19.699 [pool-3-thread-2] ERROR hiveCommon.KeyValReader - Failed to find path of file
14:29:21.110 [pool-3-thread-2] DEBUG base - Logging in Salesforce-----------------------
14:29:33.117 [pool-3-thread-2] INFO  base - Logged into salesforce-----------------------
14:29:34.032 [pool-3-thread-2] INFO  base - Hello im here at app -------------------
14:29:34.064 [pool-3-thread-2] DEBUG base - Going to opportunities tab-----------------------
14:29:35.619 [pool-3-thread-2] INFO  base - Successfully clicked on opportunities tab
14:29:37.542 [pool-3-thread-2] DEBUG base - Trying to send information--------------------
14:29:39.541 [pool-3-thread-2] INFO  base - New Opportunity Information filled----------------
14:29:39.541 [pool-3-thread-2] DEBUG base - Clicking on save ---------------------------------
14:29:39.626 [pool-3-thread-2] INFO  base - Successfully clicked on save -----------------------
14:29:44.632 [pool-3-thread-2] DEBUG base - Clicking on Search---------------------
14:29:45.529 [pool-3-thread-2] INFO  base - Successfully validated new Opportunity
]]></system-out>
    <system-err><![CDATA[SLF4J: Failed to load class "org.slf4j.impl.StaticLoggerBinder".
SLF4J: Defaulting to no-operation (NOP) logger implementation
SLF4J: See http://www.slf4j.org/codes.html#StaticLoggerBinder for further details.
Starting ChromeDriver 99.0.4844.51 (d537ec02474b5afe23684e7963d538896c63ac77-refs/branch-heads/4844@{#875}) on port 62869
Only local connections are allowed.
Please see https://chromedriver.chromium.org/security-considerations for suggestions on keeping ChromeDriver safe.
ChromeDriver was started successfully.
[1650947360.962][WARNING]: This version of ChromeDriver has not been tested with Chrome version 100.
Apr 26, 2022 2:29:21 PM org.openqa.selenium.remote.ProtocolHandshake createSession
INFO: Detected dialect: W3C
Apr 26, 2022 2:29:21 PM org.openqa.selenium.devtools.CdpVersionFinder findNearestMatch
WARNING: Unable to find an exact match for CDP version 100, so returning the closest version found: 99
Apr 26, 2022 2:29:21 PM org.openqa.selenium.devtools.CdpVersionFinder findNearestMatch
INFO: Found CDP implementation for version 100 of 99
]]></system-err>
  </testcase>
  <testcase name="Add a new opportunity with Excel #2" classname="Salesforce activities" time="29.929">
    <system-out><![CDATA[14:29:49.910 [pool-3-thread-2] ERROR hiveCommon.KeyValReader - Failed to find path of file
14:29:50.751 [pool-3-thread-2] DEBUG base - Logging in Salesforce-----------------------
14:30:02.051 [pool-3-thread-2] INFO  base - Logged into salesforce-----------------------
14:30:02.973 [pool-3-thread-2] INFO  base - Hello im here at app -------------------
14:30:02.995 [pool-3-thread-2] DEBUG base - Going to opportunities tab-----------------------
14:30:05.426 [pool-3-thread-2] INFO  base - Successfully clicked on opportunities tab
14:30:07.741 [pool-3-thread-2] DEBUG base - Trying to send information--------------------
14:30:09.536 [pool-3-thread-2] INFO  base - New Opportunity Information filled----------------
14:30:09.536 [pool-3-thread-2] DEBUG base - Clicking on save ---------------------------------
14:30:09.609 [pool-3-thread-2] INFO  base - Successfully clicked on save -----------------------
14:30:14.611 [pool-3-thread-2] DEBUG base - Clicking on Search---------------------
14:30:15.503 [pool-3-thread-2] INFO  base - Successfully validated new Opportunity
]]></system-out>
    <system-err><![CDATA[Starting ChromeDriver 99.0.4844.51 (d537ec02474b5afe23684e7963d538896c63ac77-refs/branch-heads/4844@{#875}) on port 53318
Only local connections are allowed.
Please see https://chromedriver.chromium.org/security-considerations for suggestions on keeping ChromeDriver safe.
ChromeDriver was started successfully.
[1650947390.703][WARNING]: This version of ChromeDriver has not been tested with Chrome version 100.
Apr 26, 2022 2:29:50 PM org.openqa.selenium.remote.ProtocolHandshake createSession
INFO: Detected dialect: W3C
Apr 26, 2022 2:29:50 PM org.openqa.selenium.devtools.CdpVersionFinder findNearestMatch
WARNING: Unable to find an exact match for CDP version 100, so returning the closest version found: 99
Apr 26, 2022 2:29:50 PM org.openqa.selenium.devtools.CdpVersionFinder findNearestMatch
INFO: Found CDP implementation for version 100 of 99
]]></system-err>
  </testcase>
  <testcase name="Add a new opportunity with Excel #3" classname="Salesforce activities" time="33.852">
    <system-out><![CDATA[14:30:19.833 [pool-3-thread-2] ERROR hiveCommon.KeyValReader - Failed to find path of file
14:30:20.657 [pool-3-thread-2] DEBUG base - Logging in Salesforce-----------------------
14:30:33.186 [pool-3-thread-2] INFO  base - Logged into salesforce-----------------------
14:30:37.912 [pool-3-thread-2] INFO  base - Hello im here at app -------------------
14:30:37.927 [pool-3-thread-2] DEBUG base - Going to opportunities tab-----------------------
14:30:39.851 [pool-3-thread-2] INFO  base - Successfully clicked on opportunities tab
14:30:41.611 [pool-3-thread-2] DEBUG base - Trying to send information--------------------
14:30:43.347 [pool-3-thread-2] INFO  base - New Opportunity Information filled----------------
14:30:43.347 [pool-3-thread-2] DEBUG base - Clicking on save ---------------------------------
14:30:43.415 [pool-3-thread-2] INFO  base - Successfully clicked on save -----------------------
14:30:48.427 [pool-3-thread-2] DEBUG base - Clicking on Search---------------------
14:30:49.335 [pool-3-thread-2] INFO  base - Successfully validated new Opportunity
]]></system-out>
    <system-err><![CDATA[Starting ChromeDriver 99.0.4844.51 (d537ec02474b5afe23684e7963d538896c63ac77-refs/branch-heads/4844@{#875}) on port 58114
Only local connections are allowed.
Please see https://chromedriver.chromium.org/security-considerations for suggestions on keeping ChromeDriver safe.
ChromeDriver was started successfully.
[1650947420.615][WARNING]: This version of ChromeDriver has not been tested with Chrome version 100.
Apr 26, 2022 2:30:20 PM org.openqa.selenium.remote.ProtocolHandshake createSession
INFO: Detected dialect: W3C
Apr 26, 2022 2:30:20 PM org.openqa.selenium.devtools.CdpVersionFinder findNearestMatch
WARNING: Unable to find an exact match for CDP version 100, so returning the closest version found: 99
Apr 26, 2022 2:30:20 PM org.openqa.selenium.devtools.CdpVersionFinder findNearestMatch
INFO: Found CDP implementation for version 100 of 99
]]></system-err>
  </testcase>
</testsuite>